<?xml version="1.0" encoding="UTF-8"?>
<testsuite xmlns:xsi="http://www.w3.org/2001/XMLSchema-instance" xsi:noNamespaceSchemaLocation="https://maven.apache.org/surefire/maven-surefire-plugin/xsd/surefire-test-report-3.0.xsd" version="3.0" name="dz2.CarTest" time="0.004" tests="4" errors="0" skipped="0" failures="0">
  <properties>
[...]
</properties>
  <testcase name="testDrive" classname="dz2.CarTest" time="0"/>
  <testcase name="park" classname="dz2.CarTest" time="0.001"/>
  <testcase name="getNumWheels" classname="dz2.CarTest" time="0.001"/>
  <testcase name="getSpeed" classname="dz2.CarTest" time="0.001"/>
</testsuite>